

HI-TECH Software Macro Assembler (PIC18) V9.66 build 8870 
                                                       Thu Dec 10 08:08:22 2015


     1                           
     2                           	; HI-TECH C PRO for the PIC18 MCU Family V9.66
     3                           	; Copyright (C) 1984-2011 HI-TECH Software
     4                           
     5                           	; Auto-generated runtime startup code for final
                                  link stage.
     6                           
     7                           	;
     8                           	; Compiler options:
     9                           	;
    10                           	; --chip=18F67J60 --ROM=default,-1D000-1FCFF --
                                 runtime=+plib common.p1 \
    11                           	; discovery.p1 eeprom.p1 livemessage.p1 localac
                                 cess.p1 main.p1 \
    12                           	; message.p1 pwm.p1 rf.p1 send.p1 tellsticknet.
                                 p1 transmit_arctech.p1 \
    13                           	; RF/arctech.p1 RF/crc.p1 RF/everflourish.p1 RF
                                 /fineoffset.p1 \
    14                           	; RF/hasta.p1 RF/mandolyn.p1 RF/oregon.p1 RF/or
                                 egonv3.p1 RF/receive.p1 \
    15                           	; RF/transmit.p1 RF/x10.p1 TCPIP/ARP.p1 TCPIP/H
                                 elpers.p1 TCPIP/ICMP.p1 \
    16                           	; TCPIP/IP.p1 TCPIP/StackTsk.p1 TCPIP/Tick.p1 T
                                 CPIP/Reboot.p1 \
    17                           	; TCPIP/DNS.p1 TCPIP/DHCP.p1 TCPIP/UDP.p1 TCPIP
                                 /ETH97J60.p1 \
    18                           	; TCPIP/TCP.p1 TCPIP/Hashes.p1 \
    19                           	; --outdir=/home/andresol/tellstick-net/build -
                                 OTellStickNet.hex
    20                           	;
    21                           
    22                           
    23                           	GLOBAL	_main,start,_exit
    24                           	FNROOT	_main
    25                           
    26  000000                     	pic18cxx	equ	1
    27                           
    28                           	psect	jflash_buffer,class=CODE,reloc=0x400,spac
                                 e=0
    29                           	psect	config,class=CONFIG,delta=1
    30                           	psect	idloc,class=IDLOC,delta=1
    31                           	psect	eeprom_data,class=EEDATA,delta=1
    32                           	psect	const,class=CODE,delta=1,reloc=2
    33                           	psect	smallconst,class=SMALLCONST,delta=1,reloc
                                 =2
    34                           	psect	mediumconst,class=MEDIUMCONST,delta=1,rel
                                 oc=2
    35                           	psect	rbss,class=COMRAM,space=1
    36                           	psect	bss,class=RAM,space=1
    37                           	psect	rdata,class=COMRAM,space=1
    38                           	psect	irdata,class=CODE,space=0,reloc=2
    39                           	psect	bss,class=RAM,space=1
    40                           	psect	data,class=RAM,space=1
    41                           	psect	idata,class=CODE,space=0,reloc=2
    42                           	psect	nvram,class=NVRAM,space=1
    43                           	psect	nvrram,class=COMRAM,space=1
    44                           	psect	nvbit,class=COMRAM,bit,space=1
    45                           	psect	temp,ovrld,class=COMRAM,space=1
    46                           	psect	struct,ovrld,class=COMRAM,space=1
    47                           	psect	rbit,class=COMRAM,bit,space=1
    48                           	psect	bigbss,class=BIGRAM,space=1
    49                           	psect	bigdata,class=BIGRAM,space=1
    50                           	psect	ibigdata,class=CODE,space=0,reloc=2
    51                           	psect	farbss,class=FARRAM,space=0,reloc=2,delta
                                 =1
    52                           	psect	fardata,class=FARRAM,space=0,reloc=2,delt
                                 a=1
    53                           	psect	ifardata,class=CODE,space=0,reloc=2,delta
                                 =1
    54                           
    55                           	psect	reset_vec,class=CODE,delta=1,reloc=2
    56                           	psect	powerup,class=CODE,delta=1,reloc=2
    57                           	psect	intcode,class=CODE,delta=1,reloc=2
    58                           	psect	intcodelo,class=CODE,delta=1,reloc=2
    59                           	psect	intret,class=CODE,delta=1,reloc=2
    60                           	psect	intentry,class=CODE,delta=1,reloc=2
    61                           
    62                           	psect	intsave_regs,class=BIGRAM,space=1
    63                           	psect	init,class=CODE,delta=1,reloc=2
    64                           	psect	text,class=CODE,delta=1,reloc=2
    65                           GLOBAL	intlevel0,intlevel1,intlevel2
    66  01CF4C                     intlevel0:
    67  01CF4C                     intlevel1:
    68  01CF4C                     intlevel2:
    69                           GLOBAL	intlevel3
    70  01CF4C                     intlevel3:
    71                           	psect	end_init,class=CODE,delta=1,reloc=2
    72                           	psect	clrtext,class=CODE,delta=1,reloc=2
    73                           
    74                           
    75                           ; User config settings for word 1
    76                           ;
    77                           	psect config
    78  01FFF8                     	org 0
    79  01FFF8  F4A0               	dw 0xF4A0
    80                           
    81                           ; User config settings for word 2
    82                           ;
    83                           	psect config
    84  01FFFA                     	org 2
    85  01FFFA  FFC5               	dw 0xFFC5
    86                           	psect	rparam,class=COMRAM,space=1
    87                           	psect	param0,class=BANK0,space=1
    88                           	psect	param1,class=BANK1,space=1
    89                           	psect	param2,class=BANK2,space=1
    90                           	psect	param3,class=BANK3,space=1
    91                           	psect	param4,class=BANK4,space=1
    92                           	psect	param5,class=BANK5,space=1
    93                           	psect	param6,class=BANK6,space=1
    94                           	psect	param7,class=BANK7,space=1
    95                           	psect	param8,class=BANK8,space=1
    96                           	psect	param9,class=BANK9,space=1
    97                           	psect	param10,class=BANK10,space=1
    98                           	psect	param11,class=BANK11,space=1
    99                           	psect	param12,class=BANK12,space=1
   100                           	psect	param13,class=BANK13,space=1
   101                           	psect	param14,class=BANK14,space=1
   102  000000                     wreg	EQU	0FE8h
   103  000000                     fsr0l	EQU	0FE9h
   104  000000                     fsr0h	EQU	0FEAh
   105  000000                     fsr1l	EQU	0FE1h
   106  000000                     fsr1h	EQU	0FE2h
   107  000000                     fsr2l	EQU	0FD9h
   108  000000                     fsr2h	EQU	0FDAh
   109  000000                     postinc0	EQU	0FEEh
   110  000000                     postdec0	EQU	0FEDh
   111  000000                     postinc1	EQU	0FE6h
   112  000000                     postdec1	EQU	0FE5h
   113  000000                     postinc2	EQU	0FDEh
   114  000000                     postdec2	EQU	0FDDh
   115  000000                     tblptrl	EQU	0FF6h
   116  000000                     tblptrh	EQU	0FF7h
   117  000000                     tblptru	EQU	0FF8h
   118  000000                     tablat		EQU	0FF5h
   119                           
   120                           	GLOBAL __accesstop
   121  000000                     __accesstop EQU 96
   122                           	PSECT	ramtop,class=RAM
   123                           	GLOBAL	__S1			; top of RAM usage
   124                           	GLOBAL	__ramtop
   125                           	GLOBAL	__LRAM,__HRAM
   126  000F00                     __ramtop:
   127                           
   128                           	PSECT	reset_vec
   129  000000                     reset_pos:
   130  000000  EF14  F000         	goto	start
   131                           
   132                           	PSECT	init
   133  000028                     start:
   134  000028                     _exit:
   135                           ; fardata psect  - 0 bytes to load
   136                           
   137                           ; farbss psect  - 0 bytes to clear
   138                           
   139                           ; bigdata psect - 0 bytes to load
   140                           
   141                           ; data0 psect - 63 bytes to load
   142                           GLOBAL	__Ldata0,__Lidata
   143  000028  EE06  F0F7         	lfsr	0,__Ldata0
   144                           	; load TBLPTR registers with __Lidata
   145  00002C  0E00               	movlw	low (__Lidata)
   146  00002E  6EF6               	movwf	tblptrl
   147  000030  0E00               	movlw	high(__Lidata)
   148  000032  6EF7               	movwf	tblptrh
   149  000034  0E01               	movlw	low highword(__Lidata)
   150  000036  6EF8               	movwf	tblptru
   151  000038  EE10 F03F          	lfsr	1,63	; loop variable
   152  00003C  EC36  F000         	call	copy_data
   153  000040  6AF8               	clrf	tblptru	; Upper address will now be non-ze
                                 ro, maintain clear in cp16 mode
   154                           
   155  000042  EE00 F000          	lfsr	0,0
   156  000046  EE16 F0F7          	lfsr	1,1783
   157  00004A  EC2F  F000         	call	clear_ram
   158  00004E  EE0E F07E          	lfsr	0,3710
   159  000052  EE10 F002          	lfsr	1,2
   160  000056  EC2F  F000         	call	clear_ram
   161                           	PSECT	end_init
   162  00005A  EFA3  F003         	goto	_main		;go do the main stuff
   163                           ; Clear these memory locations
   164  00005E                     clear_ram:
   165  00005E  6AEE               	clrf	postinc0	;clear, increment FSR0
   166  000060  50E5               	movf	postdec1,w	;decrement loop variable
   167  000062  50E1               	movf	fsr1l,w
   168  000064  E1FC               	bnz	clear_ram
   169  000066  50E2               	movf	fsr1h,w
   170  000068  E1FA               	bnz	clear_ram
   171  00006A  0012               	return
   172                           ; Copy the ROM data image to destination in RAM
   173  00006C                     copy_data:
   174  00006C  0009               	tblrd	*+
   175  00006E  CFF5 FFEE          	movff	tablat,postinc0
   176  000072  50E5               	movf	postdec1,w	;decrement loop variable
   177  000074  50E1               	movf	fsr1l,w
   178  000076  E1FA               	bnz	copy_data
   179  000078  50E2               	movf	fsr1h,w
   180  00007A  E1F8               	bnz	copy_data
   181  00007C  0012               	return


HI-TECH Software PICC-18 Macro Assembler V9.66 build 8870 
Symbol Table                                           Thu Dec 10 08:08:22 2015

         __S1 0E00          _main 0746          _exit 0028  
        fsr1h 000FE2          fsr1l 000FE1          start 0028  
       __HRAM 0000         __LRAM 0001         tablat 000FF5  
      tblptrh 000FF7        tblptrl 000FF6        tblptru 000FF8  
  __accesstop 000060       __Ldata0 06F7       __Lidata 0000  
     __ramtop 0F00       postdec1 000FE5       postinc0 000FEE  
    clear_ram 005E      copy_data 006C      intlevel0 CF4C  
    intlevel1 CF4C      intlevel2 CF4C      intlevel3 CF4C  
    reset_pos 0000  
